2026-03-25 04:29:55:2955 error: Unhandled error: Expected property name or '}' in JSON at position 1 (line 1 column 2)
2026-03-25 04:32:17:3217 error: Error generating file key: The "data" argument must be of type string or an instance of Buffer, TypedArray, or DataView. Received an instance of ArrayBuffer
2026-03-25 04:35:37:3537 error: Error creating Razorpay order:
2026-03-25 04:54:28:5428 error: Error creating Razorpay order:
2026-03-25 04:54:44:5444 error: Error creating Razorpay order:
2026-03-25 05:13:38:1338 error: Error generating file key: The "data" argument must be of type string or an instance of Buffer, TypedArray, or DataView. Received an instance of ArrayBuffer
2026-03-25 05:13:46:1346 error: Error creating Razorpay order: unknown error
2026-03-25 05:40:17:4017 error: [AUTH] Failed to send verification email: Invalid login: 535-5.7.8 Username and Password not accepted. For more information, go to
535 5.7.8  https://support.google.com/mail/?p=BadCredentials 98e67ed59e1d1-35c03211351sm3705862a91.15 - gsmtp
2026-03-25 05:44:21:4421 error: Error generating file key: The "data" argument must be of type string or an instance of Buffer, TypedArray, or DataView. Received an instance of ArrayBuffer
2026-03-25 05:51:45:5145 error: [AUTH] Failed to send verification email: Invalid login: 535-5.7.8 Username and Password not accepted. For more information, go to
535 5.7.8  https://support.google.com/mail/?p=BadCredentials 41be03b00d2f7-c7668abb157sm448215a12.32 - gsmtp
2026-03-25 05:52:31:5231 error: [AUTH] Failed to send verification email: Invalid login: 535-5.7.8 Username and Password not accepted. For more information, go to
535 5.7.8  https://support.google.com/mail/?p=BadCredentials 98e67ed59e1d1-35c03211351sm3725894a91.15 - gsmtp
2026-03-25 05:52:40:5240 error: Error generating file key: The "data" argument must be of type string or an instance of Buffer, TypedArray, or DataView. Received an instance of ArrayBuffer
2026-03-25 05:58:46:5846 error: Forgot password error: Invalid login: 535-5.7.8 Username and Password not accepted. For more information, go to
535 5.7.8  https://support.google.com/mail/?p=BadCredentials d9443c01a7336-2b08368ea1bsm195303115ad.68 - gsmtp
2026-03-25 06:02:14:214 error: Forgot password error: Invalid login: 535-5.7.8 Username and Password not accepted. For more information, go to
535 5.7.8  https://support.google.com/mail/?p=BadCredentials d2e1a72fcca58-82b040da438sm13895498b3a.43 - gsmtp
2026-03-25 06:03:59:359 error: Forgot password error: Invalid login: 535-5.7.8 Username and Password not accepted. For more information, go to
535 5.7.8  https://support.google.com/mail/?p=BadCredentials 98e67ed59e1d1-35c0ac5b287sm1632838a91.4 - gsmtp
